Determining if the pthread_create exist failed with the following output:
Change Dir: /home/mateusz/Dokumenty/Github/OperatingSystems/HouseMultithreading/cmake-build-debug/CMakeFiles/CMakeTmp

Run Build Command:"/usr/bin/make" "cmTC_66275/fast"
/usr/bin/make -f CMakeFiles/cmTC_66275.dir/build.make CMakeFiles/cmTC_66275.dir/build
make[1]: Wejście do katalogu '/home/mateusz/Dokumenty/Github/OperatingSystems/HouseMultithreading/cmake-build-debug/CMakeFiles/CMakeTmp'
Building C object CMakeFiles/cmTC_66275.dir/CheckSymbolExists.c.o
/usr/bin/cc    -o CMakeFiles/cmTC_66275.dir/CheckSymbolExists.c.o   -c /home/mateusz/Dokumenty/Github/OperatingSystems/HouseMultithreading/cmake-build-debug/CMakeFiles/CMakeTmp/CheckSymbolExists.c
Linking C executable cmTC_66275
/home/mateusz/Programs/JetBrains/apps/CLion/ch-0/191.6183.77/bin/cmake/linux/bin/cmake -E cmake_link_script CMakeFiles/cmTC_66275.dir/link.txt --verbose=1
/usr/bin/cc      CMakeFiles/cmTC_66275.dir/CheckSymbolExists.c.o  -o cmTC_66275 
CMakeFiles/cmTC_66275.dir/CheckSymbolExists.c.o: In function `main':
CheckSymbolExists.c:(.text+0x1b): undefined reference to `pthread_create'
collect2: error: ld returned 1 exit status
CMakeFiles/cmTC_66275.dir/build.make:86: recipe for target 'cmTC_66275' failed
make[1]: *** [cmTC_66275] Error 1
make[1]: Opuszczenie katalogu '/home/mateusz/Dokumenty/Github/OperatingSystems/HouseMultithreading/cmake-build-debug/CMakeFiles/CMakeTmp'
Makefile:121: recipe for target 'cmTC_66275/fast' failed
make: *** [cmTC_66275/fast] Error 2

File /home/mateusz/Dokumenty/Github/OperatingSystems/HouseMultithreading/cmake-build-debug/CMakeFiles/CMakeTmp/CheckSymbolExists.c:
/* */
#include <pthread.h>

int main(int argc, char** argv)
{
  (void)argv;
#ifndef pthread_create
  return ((int*)(&pthread_create))[argc];
#else
  (void)argc;
  return 0;
#endif
}

Determining if the function pthread_create exists in the pthreads failed with the following output:
Change Dir: /home/mateusz/Dokumenty/Github/OperatingSystems/HouseMultithreading/cmake-build-debug/CMakeFiles/CMakeTmp

Run Build Command:"/usr/bin/make" "cmTC_0a0e7/fast"
/usr/bin/make -f CMakeFiles/cmTC_0a0e7.dir/build.make CMakeFiles/cmTC_0a0e7.dir/build
make[1]: Wejście do katalogu '/home/mateusz/Dokumenty/Github/OperatingSystems/HouseMultithreading/cmake-build-debug/CMakeFiles/CMakeTmp'
Building C object CMakeFiles/cmTC_0a0e7.dir/CheckFunctionExists.c.o
/usr/bin/cc   -DCHECK_FUNCTION_EXISTS=pthread_create   -o CMakeFiles/cmTC_0a0e7.dir/CheckFunctionExists.c.o   -c /home/mateusz/Programs/JetBrains/apps/CLion/ch-0/191.6183.77/bin/cmake/linux/share/cmake-3.13/Modules/CheckFunctionExists.c
Linking C executable cmTC_0a0e7
/home/mateusz/Programs/JetBrains/apps/CLion/ch-0/191.6183.77/bin/cmake/linux/bin/cmake -E cmake_link_script CMakeFiles/cmTC_0a0e7.dir/link.txt --verbose=1
/usr/bin/cc  -DCHECK_FUNCTION_EXISTS=pthread_create    CMakeFiles/cmTC_0a0e7.dir/CheckFunctionExists.c.o  -o cmTC_0a0e7 -lpthreads 
/usr/bin/ld: cannot find -lpthreads
collect2: error: ld returned 1 exit status
CMakeFiles/cmTC_0a0e7.dir/build.make:86: recipe for target 'cmTC_0a0e7' failed
make[1]: *** [cmTC_0a0e7] Error 1
make[1]: Opuszczenie katalogu '/home/mateusz/Dokumenty/Github/OperatingSystems/HouseMultithreading/cmake-build-debug/CMakeFiles/CMakeTmp'
Makefile:121: recipe for target 'cmTC_0a0e7/fast' failed
make: *** [cmTC_0a0e7/fast] Error 2


