Determining if the pthread_create exist failed with the following output:
Change Dir: /home/mateusz/Dokumenty/DiningPhilosophersChandyMisra/cmake-build-debug/CMakeFiles/CMakeTmp

Run Build Command:"/usr/bin/make" "cmTC_ac267/fast"
/usr/bin/make -f CMakeFiles/cmTC_ac267.dir/build.make CMakeFiles/cmTC_ac267.dir/build
make[1]: Wejście do katalogu '/home/mateusz/Dokumenty/DiningPhilosophersChandyMisra/cmake-build-debug/CMakeFiles/CMakeTmp'
Building C object CMakeFiles/cmTC_ac267.dir/CheckSymbolExists.c.o
/usr/bin/cc    -o CMakeFiles/cmTC_ac267.dir/CheckSymbolExists.c.o   -c /home/mateusz/Dokumenty/DiningPhilosophersChandyMisra/cmake-build-debug/CMakeFiles/CMakeTmp/CheckSymbolExists.c
Linking C executable cmTC_ac267
/home/mateusz/Programs/JetBrains/apps/CLion/ch-0/183.5429.37/bin/cmake/linux/bin/cmake -E cmake_link_script CMakeFiles/cmTC_ac267.dir/link.txt --verbose=1
/usr/bin/cc      CMakeFiles/cmTC_ac267.dir/CheckSymbolExists.c.o  -o cmTC_ac267 
CMakeFiles/cmTC_ac267.dir/CheckSymbolExists.c.o: In function `main':
CheckSymbolExists.c:(.text+0x1b): undefined reference to `pthread_create'
collect2: error: ld returned 1 exit status
CMakeFiles/cmTC_ac267.dir/build.make:86: recipe for target 'cmTC_ac267' failed
make[1]: *** [cmTC_ac267] Error 1
make[1]: Opuszczenie katalogu '/home/mateusz/Dokumenty/DiningPhilosophersChandyMisra/cmake-build-debug/CMakeFiles/CMakeTmp'
Makefile:121: recipe for target 'cmTC_ac267/fast' failed
make: *** [cmTC_ac267/fast] Error 2

File /home/mateusz/Dokumenty/DiningPhilosophersChandyMisra/cmake-build-debug/CMakeFiles/CMakeTmp/CheckSymbolExists.c:
/* */
#include <pthread.h>

int main(int argc, char** argv)
{
  (void)argv;
#ifndef pthread_create
  return ((int*)(&pthread_create))[argc];
#else
  (void)argc;
  return 0;
#endif
}

Determining if the function pthread_create exists in the pthreads failed with the following output:
Change Dir: /home/mateusz/Dokumenty/DiningPhilosophersChandyMisra/cmake-build-debug/CMakeFiles/CMakeTmp

Run Build Command:"/usr/bin/make" "cmTC_8640a/fast"
/usr/bin/make -f CMakeFiles/cmTC_8640a.dir/build.make CMakeFiles/cmTC_8640a.dir/build
make[1]: Wejście do katalogu '/home/mateusz/Dokumenty/DiningPhilosophersChandyMisra/cmake-build-debug/CMakeFiles/CMakeTmp'
Building C object CMakeFiles/cmTC_8640a.dir/CheckFunctionExists.c.o
/usr/bin/cc   -DCHECK_FUNCTION_EXISTS=pthread_create   -o CMakeFiles/cmTC_8640a.dir/CheckFunctionExists.c.o   -c /home/mateusz/Programs/JetBrains/apps/CLion/ch-0/183.5429.37/bin/cmake/linux/share/cmake-3.13/Modules/CheckFunctionExists.c
Linking C executable cmTC_8640a
/home/mateusz/Programs/JetBrains/apps/CLion/ch-0/183.5429.37/bin/cmake/linux/bin/cmake -E cmake_link_script CMakeFiles/cmTC_8640a.dir/link.txt --verbose=1
/usr/bin/cc  -DCHECK_FUNCTION_EXISTS=pthread_create    CMakeFiles/cmTC_8640a.dir/CheckFunctionExists.c.o  -o cmTC_8640a -lpthreads 
/usr/bin/ld: cannot find -lpthreads
collect2: error: ld returned 1 exit status
CMakeFiles/cmTC_8640a.dir/build.make:86: recipe for target 'cmTC_8640a' failed
make[1]: *** [cmTC_8640a] Error 1
make[1]: Opuszczenie katalogu '/home/mateusz/Dokumenty/DiningPhilosophersChandyMisra/cmake-build-debug/CMakeFiles/CMakeTmp'
Makefile:121: recipe for target 'cmTC_8640a/fast' failed
make: *** [cmTC_8640a/fast] Error 2


